Using pre-set license
Built from '2020.3/staging' branch; Version is '2020.3.30f1 (1fb1bf06830e) revision 2077119'; Using compiler version '192528614'; Build Type 'Release'
OS: 'Windows 10  (10.0.19043) 64bit Professional' Language: 'ko' Physical Memory: 32714 MB
BatchMode: 1, IsHumanControllingUs: 0, StartBugReporterOnCrash: 0, Is64bit: 1, IsPro: 0

COMMAND LINE ARGUMENTS:
C:\Program Files\Unity\Hub\Editor\2020.3.30f1\Editor\Unity.exe
-adb2
-batchMode
-noUpm
-name
AssetImportWorker0
-projectPath
C:/Users/User/My project
-logFile
Logs/AssetImportWorker0.log
-srvPort
58713
Successfully changed project path to: C:/Users/User/My project
C:/Users/User/My project
Using Asset Import Pipeline V2.
Refreshing native plugins compatible for Editor in 22.05 ms, found 2 plugins.
Preloading 0 native plugins for Editor in 0.00 ms.
Initialize engine version: 2020.3.30f1 (1fb1bf06830e)
[Subsystems] Discovering subsystems at path C:/Program Files/Unity/Hub/Editor/2020.3.30f1/Editor/Data/Resources/UnitySubsystems
[Subsystems] Discovering subsystems at path C:/Users/User/My project/Assets
GfxDevice: creating device client; threaded=0
Direct3D:
    Version:  Direct3D 11.0 [level 11.1]
    Renderer: NVIDIA GeForce RTX 3070 (ID=0x2488)
    Vendor:   
    VRAM:     8043 MB
    Driver:   30.0.14.7122
Initialize mono
Mono path[0] = 'C:/Program Files/Unity/Hub/Editor/2020.3.30f1/Editor/Data/Managed'
Mono path[1] = 'C:/Program Files/Unity/Hub/Editor/2020.3.30f1/Editor/Data/MonoBleedingEdge/lib/mono/unityjit'
Mono config path = 'C:/Program Files/Unity/Hub/Editor/2020.3.30f1/Editor/Data/MonoBleedingEdge/etc'
Using monoOptions --debugger-agent=transport=dt_socket,embedding=1,server=y,suspend=n,address=127.0.0.1:56200
Begin MonoManager ReloadAssembly
Registering precompiled unity dll's ...
Register platform support module: C:/Program Files/Unity/Hub/Editor/2020.3.30f1/Editor/Data/PlaybackEngines/WindowsStandaloneSupport/UnityEditor.WindowsStandalone.Extensions.dll
Registered in 0.003021 seconds.
Native extension for WindowsStandalone target not found
Refreshing native plugins compatible for Editor in 19.83 ms, found 2 plugins.
Preloading 0 native plugins for Editor in 0.00 ms.
Mono: successfully reloaded assembly
- Completed reload, in  0.390 seconds
Domain Reload Profiling:
	ReloadAssembly (391ms)
		BeginReloadAssembly (63ms)
			ExecutionOrderSort (0ms)
			DisableScriptedObjects (0ms)
			BackupInstance (0ms)
			ReleaseScriptingObjects (0ms)
			CreateAndSetChildDomain (1ms)
		EndReloadAssembly (272ms)
			LoadAssemblies (60ms)
			RebuildTransferFunctionScriptingTraits (0ms)
			SetupTypeCache (85ms)
			ReleaseScriptCaches (0ms)
			RebuildScriptCaches (18ms)
			SetupLoadedEditorAssemblies (99ms)
				LogAssemblyErrors (0ms)
				InitializePlatformSupportModulesInManaged (3ms)
				SetLoadedEditorAssemblies (0ms)
				RefreshPlugins (20ms)
				BeforeProcessingInitializeOnLoad (5ms)
				ProcessInitializeOnLoadAttributes (52ms)
				ProcessInitializeOnLoadMethodAttributes (18ms)
				AfterProcessingInitializeOnLoad (0ms)
				EditorAssembliesLoaded (0ms)
			ExecutionOrderSort2 (0ms)
			AwakeInstancesAfterBackupRestoration (0ms)
Platform modules already initialized, skipping
Registering precompiled user dll's ...
Registered in 0.003620 seconds.
Begin MonoManager ReloadAssembly
Native extension for WindowsStandalone target not found
Refreshing native plugins compatible for Editor in 0.30 ms, found 2 plugins.
Preloading 0 native plugins for Editor in 0.00 ms.
Mono: successfully reloaded assembly
- Completed reload, in  0.642 seconds
Domain Reload Profiling:
	ReloadAssembly (643ms)
		BeginReloadAssembly (114ms)
			ExecutionOrderSort (0ms)
			DisableScriptedObjects (3ms)
			BackupInstance (0ms)
			ReleaseScriptingObjects (0ms)
			CreateAndSetChildDomain (13ms)
		EndReloadAssembly (482ms)
			LoadAssemblies (82ms)
			RebuildTransferFunctionScriptingTraits (0ms)
			SetupTypeCache (149ms)
			ReleaseScriptCaches (0ms)
			RebuildScriptCaches (23ms)
			SetupLoadedEditorAssemblies (196ms)
				LogAssemblyErrors (0ms)
				InitializePlatformSupportModulesInManaged (3ms)
				SetLoadedEditorAssemblies (0ms)
				RefreshPlugins (0ms)
				BeforeProcessingInitializeOnLoad (44ms)
				ProcessInitializeOnLoadAttributes (130ms)
				ProcessInitializeOnLoadMethodAttributes (7ms)
				AfterProcessingInitializeOnLoad (10ms)
				EditorAssembliesLoaded (0ms)
			ExecutionOrderSort2 (0ms)
			AwakeInstancesAfterBackupRestoration (4ms)
Platform modules already initialized, skipping
========================================================================
Worker process is ready to serve import requests
Launched and connected shader compiler UnityShaderCompiler.exe after 0.28 seconds
Refreshing native plugins compatible for Editor in 0.30 ms, found 2 plugins.
Preloading 0 native plugins for Editor in 0.00 ms.
Unloading 1502 Unused Serialized files (Serialized files now loaded: 0)
System memory in use before: 67.6 MB.
System memory in use after: 67.7 MB.

Unloading 16 unused Assets to reduce memory usage. Loaded Objects now: 1937.
Total: 2.072000 ms (FindLiveObjects: 0.118400 ms CreateObjectMapping: 0.041100 ms MarkObjects: 1.856400 ms  DeleteObjects: 0.055400 ms)

AssetImportParameters requested are different than current active one (requested -> active):
  custom:framework-win-MediaFoundation: 216162199b28c13a410421893ffa2e32 -> 
  custom:video-decoder-ogg-theora: a1e56fd34408186e4bbccfd4996cb3dc -> 
  custom:container-muxer-webm: aa71ff27fc2769a1b78a27578f13a17b -> 
  custom:container-demuxer-webm: 4f35f7cbe854078d1ac9338744f61a02 -> 
  custom:container-demuxer-ogg: 62fdf1f143b41e24485cea50d1cbac27 -> 
  custom:video-encoder-webm-vp8: eb34c28f22e8b96e1ab97ce403110664 -> 
  custom:video-decoder-webm-vp8: 9c59270c3fd7afecdb556c50c9e8de78 -> 
  custom:audio-decoder-ogg-vorbis: bf7c407c2cedff20999df2af8eb42d56 -> 
  custom:audio-encoder-webm-vorbis: bf7c407c2cedff20999df2af8eb42d56 -> 
========================================================================
Received Import Request.
  path: Assets
  artifactKey: Guid(00000000000000001000000000000000) Importer(815301076,1909f56bfc062723c751e8b465ee728b)
Start importing Assets using Guid(00000000000000001000000000000000) Importer(815301076,1909f56bfc062723c751e8b465ee728b)  -> (artifact id: '42d402b061de3733987d63b9cc3b64de') in 0.007514 seconds 
========================================================================
Received Import Request.
  Time since last request: 0.000121 seconds.
  path: Assets/Scenes
  artifactKey: Guid(977245fc108e359448142c7d2f7c85f3) Importer(815301076,1909f56bfc062723c751e8b465ee728b)
Start importing Assets/Scenes using Guid(977245fc108e359448142c7d2f7c85f3) Importer(815301076,1909f56bfc062723c751e8b465ee728b)  -> (artifact id: '015e99bbb7c4501ca86a5f51f50a03ee') in 0.005343 seconds 
========================================================================
Received Import Request.
  Time since last request: 1756.257469 seconds.
  path: Assets/Robot Kyle
  artifactKey: Guid(c4bc5e8cb8cc4a74197429a90982b362) Importer(815301076,1909f56bfc062723c751e8b465ee728b)
Start importing Assets/Robot Kyle using Guid(c4bc5e8cb8cc4a74197429a90982b362) Importer(815301076,1909f56bfc062723c751e8b465ee728b)  -> (artifact id: '47d116545ae06bc61ec74b0a6ff53493') in 0.005253 seconds 
========================================================================
Received Import Request.
  Time since last request: 19.936266 seconds.
  path: Assets/Robot Kyle/Model
  artifactKey: Guid(3a5f4af5e274d7c4883c1ceb86017a5f) Importer(815301076,1909f56bfc062723c751e8b465ee728b)
Start importing Assets/Robot Kyle/Model using Guid(3a5f4af5e274d7c4883c1ceb86017a5f) Importer(815301076,1909f56bfc062723c751e8b465ee728b)  -> (artifact id: '23b901ef6388aa933def24985cc0dcaa') in 0.005376 seconds 
========================================================================
Received Import Request.
  Time since last request: 0.079399 seconds.
  path: Assets/Robot Kyle/Model/Robot Kyle.fbx
  artifactKey: Guid(320b1c2af77554f99a1658df4a6d3d5c) Importer(815301076,1909f56bfc062723c751e8b465ee728b)
Start importing Assets/Robot Kyle/Model/Robot Kyle.fbx using Guid(320b1c2af77554f99a1658df4a6d3d5c) Importer(815301076,1909f56bfc062723c751e8b465ee728b)  -> (artifact id: 'c4b334a76ace6e356d693de07ba114cd') in 0.541887 seconds 
========================================================================
Received Import Request.
  Time since last request: 363.335744 seconds.
  path: Assets/Robot Kyle/Model/Robot Kyle.prefab
  artifactKey: Guid(6ec8ff2140c1fc94096f45c4d8a7e4b0) Importer(815301076,1909f56bfc062723c751e8b465ee728b)
Start importing Assets/Robot Kyle/Model/Robot Kyle.prefab using Guid(6ec8ff2140c1fc94096f45c4d8a7e4b0) Importer(815301076,1909f56bfc062723c751e8b465ee728b)  -> (artifact id: '6d6fca4b4e2f5e55c44d0e2a68a18236') in 0.019537 seconds 
========================================================================
Received Import Request.
  Time since last request: 53.375851 seconds.
  path: Assets/Robot Kyle/Model/Robot Kyle.prefab
  artifactKey: Guid(6ec8ff2140c1fc94096f45c4d8a7e4b0) Importer(815301076,1909f56bfc062723c751e8b465ee728b)
Start importing Assets/Robot Kyle/Model/Robot Kyle.prefab using Guid(6ec8ff2140c1fc94096f45c4d8a7e4b0) Importer(815301076,1909f56bfc062723c751e8b465ee728b)  -> (artifact id: '23a2df06cab9701a082888773ca2ed7c') in 0.012336 seconds 
========================================================================
Received Import Request.
  Time since last request: 1.789542 seconds.
  path: Assets/Robot Kyle/Model/Robot Kyle.prefab
  artifactKey: Guid(6ec8ff2140c1fc94096f45c4d8a7e4b0) Importer(815301076,1909f56bfc062723c751e8b465ee728b)
Start importing Assets/Robot Kyle/Model/Robot Kyle.prefab using Guid(6ec8ff2140c1fc94096f45c4d8a7e4b0) Importer(815301076,1909f56bfc062723c751e8b465ee728b)  -> (artifact id: 'edb7b0e3c98431d668fdfe510fa92028') in 0.013404 seconds 
========================================================================
Received Import Request.
  Time since last request: 1.598501 seconds.
  path: Assets/Robot Kyle/Model/Robot Kyle.prefab
  artifactKey: Guid(6ec8ff2140c1fc94096f45c4d8a7e4b0) Importer(815301076,1909f56bfc062723c751e8b465ee728b)
Start importing Assets/Robot Kyle/Model/Robot Kyle.prefab using Guid(6ec8ff2140c1fc94096f45c4d8a7e4b0) Importer(815301076,1909f56bfc062723c751e8b465ee728b)  -> (artifact id: '2338ad49325a672559d544707079697b') in 0.012558 seconds 
========================================================================
Received Import Request.
  Time since last request: 5.841556 seconds.
  path: Assets/Robot Kyle/Model/Robot Kyle.prefab
  artifactKey: Guid(6ec8ff2140c1fc94096f45c4d8a7e4b0) Importer(815301076,1909f56bfc062723c751e8b465ee728b)
Start importing Assets/Robot Kyle/Model/Robot Kyle.prefab using Guid(6ec8ff2140c1fc94096f45c4d8a7e4b0) Importer(815301076,1909f56bfc062723c751e8b465ee728b)  -> (artifact id: '46aee4b8829c06307cb8021c1c459e16') in 0.016066 seconds 
AssetImportWorkerClient::OnTransportError - code=2 error=End of file
